<?xml version="1.0" encoding="UTF-8"?>
<testng-results skipped="0" failed="0" ignored="0" total="1" passed="1">
  <reporter-output>
  </reporter-output>
  <suite name="Default suite" duration-ms="12474" started-at="2020-04-14T14:50:15 IST" finished-at="2020-04-14T14:50:27 IST">
    <groups>
    </groups>
    <test name="Default test" duration-ms="12474" started-at="2020-04-14T14:50:15 IST" finished-at="2020-04-14T14:50:27 IST">
      <class name="tests.webapptests.testcase.RequestForm">
        <test-method status="PASS" signature="beforeSuit()[pri:0, instance:tests.webapptests.testcase.RequestForm@87f383f]" name="beforeSuit" is-config="true" duration-ms="295" started-at="2020-04-14T14:50:14 IST" finished-at="2020-04-14T14:50:15 IST">
          <reporter-output>
          </reporter-output>
        </test-method> <!-- beforeSuit -->
        <test-method status="PASS" signature="beforeTest()[pri:0, instance:tests.webapptests.testcase.RequestForm@87f383f]" name="beforeTest" is-config="true" duration-ms="2" started-at="2020-04-14T14:50:15 IST" finished-at="2020-04-14T14:50:15 IST">
          <reporter-output>
          </reporter-output>
        </test-method> <!-- beforeTest -->
        <test-method status="PASS" signature="beforeClass()[pri:0, instance:tests.webapptests.testcase.RequestForm@87f383f]" name="beforeClass" is-config="true" duration-ms="0" started-at="2020-04-14T14:50:15 IST" finished-at="2020-04-14T14:50:15 IST">
          <reporter-output>
          </reporter-output>
        </test-method> <!-- beforeClass -->
        <test-method status="PASS" signature="beforeMethod()[pri:0, instance:tests.webapptests.testcase.RequestForm@87f383f]" name="beforeMethod" is-config="true" duration-ms="3260" started-at="2020-04-14T14:50:15 IST" finished-at="2020-04-14T14:50:18 IST">
          <reporter-output>
          </reporter-output>
        </test-method> <!-- beforeMethod -->
        <test-method status="PASS" signature="sendRequest()[pri:0, instance:tests.webapptests.testcase.RequestForm@87f383f]" name="sendRequest" duration-ms="9193" started-at="2020-04-14T14:50:18 IST" finished-at="2020-04-14T14:50:27 IST">
          <reporter-output>
          </reporter-output>
        </test-method> <!-- sendRequest -->
        <test-method status="PASS" signature="afterMethod()[pri:0, instance:tests.webapptests.testcase.RequestForm@87f383f]" name="afterMethod" is-config="true" duration-ms="0" started-at="2020-04-14T14:50:27 IST" finished-at="2020-04-14T14:50:27 IST">
          <reporter-output>
          </reporter-output>
        </test-method> <!-- afterMethod -->
        <test-method status="PASS" signature="afterClass()[pri:0, instance:tests.webapptests.testcase.RequestForm@87f383f]" name="afterClass" is-config="true" duration-ms="0" started-at="2020-04-14T14:50:27 IST" finished-at="2020-04-14T14:50:27 IST">
          <reporter-output>
          </reporter-output>
        </test-method> <!-- afterClass -->
        <test-method status="PASS" signature="afterTest()[pri:0, instance:tests.webapptests.testcase.RequestForm@87f383f]" name="afterTest" is-config="true" duration-ms="1" started-at="2020-04-14T14:50:27 IST" finished-at="2020-04-14T14:50:27 IST">
          <reporter-output>
          </reporter-output>
        </test-method> <!-- afterTest -->
        <test-method status="PASS" signature="afterSuit()[pri:0, instance:tests.webapptests.testcase.RequestForm@87f383f]" name="afterSuit" is-config="true" duration-ms="173" started-at="2020-04-14T14:50:27 IST" finished-at="2020-04-14T14:50:27 IST">
          <reporter-output>
          </reporter-output>
        </test-method> <!-- afterSuit -->
      </class> <!-- tests.webapptests.testcase.RequestForm -->
    </test> <!-- Default test -->
  </suite> <!-- Default suite -->
</testng-results>
