<?xml version="1.0" encoding="UTF-8"?>
<testng-results skipped="0" failed="0" ignored="0" total="1" passed="1">
  <reporter-output>
  </reporter-output>
  <suite name="Default suite" duration-ms="4248" started-at="2020-04-21T20:11:26 IST" finished-at="2020-04-21T20:11:30 IST">
    <groups>
    </groups>
    <test name="Default test" duration-ms="4248" started-at="2020-04-21T20:11:26 IST" finished-at="2020-04-21T20:11:30 IST">
      <class name="tests.webapptests.testcase.RequestFormTest">
        <test-method status="PASS" signature="beforeSuit()[pri:0, instance:tests.webapptests.testcase.RequestFormTest@5bfbf16f]" name="beforeSuit" is-config="true" duration-ms="347" started-at="2020-04-21T20:11:26 IST" finished-at="2020-04-21T20:11:26 IST">
          <reporter-output>
          </reporter-output>
        </test-method> <!-- beforeSuit -->
        <test-method status="PASS" signature="beforeTest()[pri:0, instance:tests.webapptests.testcase.RequestFormTest@5bfbf16f]" name="beforeTest" is-config="true" duration-ms="0" started-at="2020-04-21T20:11:26 IST" finished-at="2020-04-21T20:11:26 IST">
          <reporter-output>
          </reporter-output>
        </test-method> <!-- beforeTest -->
        <test-method status="PASS" signature="beforeClass()[pri:0, instance:tests.webapptests.testcase.RequestFormTest@5bfbf16f]" name="beforeClass" is-config="true" duration-ms="0" started-at="2020-04-21T20:11:26 IST" finished-at="2020-04-21T20:11:26 IST">
          <reporter-output>
          </reporter-output>
        </test-method> <!-- beforeClass -->
        <test-method status="PASS" signature="beforeMethod()[pri:0, instance:tests.webapptests.testcase.RequestFormTest@5bfbf16f]" name="beforeMethod" is-config="true" duration-ms="2629" started-at="2020-04-21T20:11:26 IST" finished-at="2020-04-21T20:11:29 IST">
          <reporter-output>
          </reporter-output>
        </test-method> <!-- beforeMethod -->
        <test-method status="PASS" signature="sendRequest()[pri:0, instance:tests.webapptests.testcase.RequestFormTest@5bfbf16f]" name="sendRequest" duration-ms="1596" started-at="2020-04-21T20:11:29 IST" finished-at="2020-04-21T20:11:30 IST">
          <reporter-output>
          </reporter-output>
        </test-method> <!-- sendRequest -->
        <test-method status="PASS" signature="afterClass()[pri:0, instance:tests.webapptests.testcase.RequestFormTest@5bfbf16f]" name="afterClass" is-config="true" duration-ms="1" started-at="2020-04-21T20:11:30 IST" finished-at="2020-04-21T20:11:30 IST">
          <reporter-output>
          </reporter-output>
        </test-method> <!-- afterClass -->
        <test-method status="PASS" signature="afterMethod()[pri:0, instance:tests.webapptests.testcase.RequestFormTest@5bfbf16f]" name="afterMethod" is-config="true" duration-ms="0" started-at="2020-04-21T20:11:30 IST" finished-at="2020-04-21T20:11:30 IST">
          <reporter-output>
          </reporter-output>
        </test-method> <!-- afterMethod -->
        <test-method status="PASS" signature="afterTest()[pri:0, instance:tests.webapptests.testcase.RequestFormTest@5bfbf16f]" name="afterTest" is-config="true" duration-ms="0" started-at="2020-04-21T20:11:30 IST" finished-at="2020-04-21T20:11:30 IST">
          <reporter-output>
          </reporter-output>
        </test-method> <!-- afterTest -->
        <test-method status="PASS" signature="afterSuit()[pri:0, instance:tests.webapptests.testcase.RequestFormTest@5bfbf16f]" name="afterSuit" is-config="true" duration-ms="226" started-at="2020-04-21T20:11:30 IST" finished-at="2020-04-21T20:11:31 IST">
          <reporter-output>
          </reporter-output>
        </test-method> <!-- afterSuit -->
      </class> <!-- tests.webapptests.testcase.RequestFormTest -->
    </test> <!-- Default test -->
  </suite> <!-- Default suite -->
</testng-results>
